<?xml version="1.0" encoding="UTF-8"?>
<testng-results ignored="0" total="2" passed="2" failed="0" skipped="0">
  <reporter-output>
  </reporter-output>
  <suite started-at="2023-02-27T14:25:28 IST" name="Default suite" finished-at="2023-02-27T14:26:13 IST" duration-ms="44878">
    <groups>
    </groups>
    <test started-at="2023-02-27T14:25:28 IST" name="Default test" finished-at="2023-02-27T14:26:13 IST" duration-ms="44878">
      <class name="com.Test.Employer.TestClassEmployer">
        <test-method is-config="true" signature="onLaunch()[pri:0, instance:com.Test.Employer.TestClassEmployer@6d763516]" started-at="2023-02-27T14:25:28 IST" name="onLaunch" finished-at="2023-02-27T14:25:42 IST" duration-ms="13370" status="PASS">
          <reporter-output>
          </reporter-output>
        </test-method> <!-- onLaunch -->
        <test-method signature="LoginVerfication()[pri:2, instance:com.Test.Employer.TestClassEmployer@6d763516]" started-at="2023-02-27T14:25:42 IST" name="LoginVerfication" description="Login with valid username and password" finished-at="2023-02-27T14:26:04 IST" duration-ms="22573" status="PASS">
          <reporter-output>
          </reporter-output>
        </test-method> <!-- LoginVerfication -->
        <test-method signature="CreateNewPostWithBlankFields()[pri:3, instance:com.Test.Employer.TestClassEmployer@6d763516]" started-at="2023-02-27T14:26:04 IST" name="CreateNewPostWithBlankFields" description="Create New Job Post with blank fields" finished-at="2023-02-27T14:26:12 IST" duration-ms="8189" status="PASS">
          <reporter-output>
          </reporter-output>
        </test-method> <!-- CreateNewPostWithBlankFields -->
        <test-method is-config="true" signature="closeWindow()[pri:0, instance:com.Test.Employer.TestClassEmployer@6d763516]" started-at="2023-02-27T14:26:12 IST" name="closeWindow" finished-at="2023-02-27T14:26:13 IST" duration-ms="654" status="PASS">
          <reporter-output>
          </reporter-output>
        </test-method> <!-- closeWindow -->
      </class> <!-- com.Test.Employer.TestClassEmployer -->
    </test> <!-- Default test -->
  </suite> <!-- Default suite -->
</testng-results>
