<?xml version="1.0" encoding="UTF-8"?>
<!-- Generated by org.testng.reporters.JUnitXMLReporter -->
<testsuite ignored="0" hostname="DESKTOP-MLGRFV0" failures="0" tests="2" name="Default test" time="44.878" errors="0" timestamp="2023-02-27T14:26:13 IST">
  <testcase classname="com.Test.Employer.TestClassEmployer" name="LoginVerfication" time="22.573"/>
  <testcase classname="com.Test.Employer.TestClassEmployer" name="CreateNewPostWithBlankFields" time="8.189"/>
</testsuite> <!-- Default test -->
